2025-06-26 01:25:04,714 [INFO] Iniciando pipeline completo DTW...
2025-06-26 01:25:04,714 [INFO] Cargando datos desde parquet...
2025-06-26 01:25:08,787 [INFO] Datos cargados y columna 'periodo' creada.
2025-06-26 01:25:08,787 [INFO] Convirtiendo a formato wide (product_id - customer_id por periodo)...
2025-06-26 01:25:11,513 [INFO] Formato wide creado correctamente.
2025-06-26 01:25:11,513 [INFO] Preprocesando series con log1p y RobustScaler...
2025-06-26 01:37:16,995 [INFO] Series preprocesadas: 685607
2025-06-26 01:37:16,995 [INFO] Seleccionando muestra aleatoria de 3000 series...
2025-06-26 01:37:16,999 [INFO] Muestra seleccionada.
2025-06-26 01:37:16,999 [INFO] Calculando matriz de distancias DTW paralelizada...
2025-06-26 01:40:29,253 [INFO] Iniciando pipeline completo DTW...
2025-06-26 01:40:29,254 [INFO] Cargando datos desde parquet...
2025-06-26 01:40:31,650 [INFO] Datos cargados y columna 'periodo' creada.
2025-06-26 01:40:31,650 [INFO] Convirtiendo a formato wide (product_id - customer_id por periodo)...
2025-06-26 01:40:34,249 [INFO] Formato wide creado correctamente.
2025-06-26 01:40:34,249 [INFO] Preprocesando series con log1p y RobustScaler...
2025-06-26 01:52:36,020 [INFO] Series preprocesadas: 685607
2025-06-26 01:52:36,020 [INFO] Seleccionando muestra aleatoria de 3000 series...
2025-06-26 01:52:36,024 [INFO] Muestra seleccionada.
2025-06-26 01:52:36,024 [INFO] Calculando matriz de distancias DTW paralelizada...
2025-06-26 01:52:36,024 [INFO] Computing distances
2025-06-26 01:52:36,024 [INFO] Compute distances in C (parallel=OMP)
2025-06-26 01:52:40,040 [INFO] Matriz de distancias DTW calculada: shape = (3000, 3000)
2025-06-26 01:52:40,041 [INFO] Exportando matriz de distancias a CSV: /home/tomifernandezlabo3/gcs-bucket/distance_matrix_sample.csv
2025-06-26 01:52:57,130 [INFO] Exportación completada.
2025-06-26 01:52:57,131 [INFO] Pipeline DTW finalizado correctamente.
